# JRE version: Java(TM) SE Runtime Environment (8.0_20-b26) (build 1.8.0_20-b26)
# Java VM: Java HotSpot(TM) 64-Bit Server VM (25.20-b23 mixed mode windows-amd64 compressed oops)
Heap:
 PSYoungGen      total 57344K, used 6402K [0x0000000780700000, 0x0000000784700000, 0x00000007c0000000)
  eden space 49152K, 3% used [0x0000000780700000,0x0000000780875cc0,0x0000000783700000)
  from space 8192K, 59% used [0x0000000783f00000,0x00000007843cada0,0x0000000784700000)
  to   space 8192K, 0% used [0x0000000783700000,0x0000000783700000,0x0000000783f00000)
 ParOldGen       total 131072K, used 32K [0x0000000701400000, 0x0000000709400000, 0x0000000780700000)
  object space 131072K, 0% used [0x0000000701400000,0x0000000701408000,0x0000000709400000)
 Metaspace       used 19909K, capacity 20076K, committed 20352K, reserved 1067008K
  class space    used 2267K, capacity 2320K, committed 2432K, reserved 1048576K
GC Heap History (4 events):
Event: 8.799 GC heap before
{Heap before GC invocations=1 (full 0):
 PSYoungGen      total 57344K, used 49152K [0x0000000780700000, 0x0000000784700000, 0x00000007c0000000)
  eden space 49152K, 100% used [0x0000000780700000,0x0000000783700000,0x0000000783700000)
  from space 8192K, 0% used [0x0000000783f00000,0x0000000783f00000,0x0000000784700000)
  to   space 8192K, 0% used [0x0000000783700000,0x0000000783700000,0x0000000783f00000)
 ParOldGen       total 131072K, used 0K [0x0000000701400000, 0x0000000709400000, 0x0000000780700000)
  object space 131072K, 0% used [0x0000000701400000,0x0000000701400000,0x0000000709400000)
 Metaspace       used 19686K, capacity 19852K, committed 20224K, reserved 1067008K
  class space    used 2251K, capacity 2288K, committed 2304K, reserved 1048576K
Event: 8.805 GC heap after
Heap after GC invocations=1 (full 0):
 PSYoungGen      total 57344K, used 7288K [0x0000000780700000, 0x0000000784700000, 0x00000007c0000000)
  eden space 49152K, 0% used [0x0000000780700000,0x0000000780700000,0x0000000783700000)
  from space 8192K, 88% used [0x0000000783700000,0x0000000783e1e248,0x0000000783f00000)
  to   space 8192K, 0% used [0x0000000783f00000,0x0000000783f00000,0x0000000784700000)
 ParOldGen       total 131072K, used 24K [0x0000000701400000, 0x0000000709400000, 0x0000000780700000)
  object space 131072K, 0% used [0x0000000701400000,0x0000000701406000,0x0000000709400000)
 Metaspace       used 19686K, capacity 19852K, committed 20224K, reserved 1067008K
  class space    used 2251K, capacity 2288K, committed 2304K, reserved 1048576K
}
Event: 10.712 GC heap before
{Heap before GC invocations=2 (full 0):
 PSYoungGen      total 57344K, used 56440K [0x0000000780700000, 0x0000000784700000, 0x00000007c0000000)
  eden space 49152K, 100% used [0x0000000780700000,0x0000000783700000,0x0000000783700000)
  from space 8192K, 88% used [0x0000000783700000,0x0000000783e1e248,0x0000000783f00000)
  to   space 8192K, 0% used [0x0000000783f00000,0x0000000783f00000,0x0000000784700000)
 ParOldGen       total 131072K, used 24K [0x0000000701400000, 0x0000000709400000, 0x0000000780700000)
  object space 131072K, 0% used [0x0000000701400000,0x0000000701406000,0x0000000709400000)
 Metaspace       used 19909K, capacity 20076K, committed 20352K, reserved 1067008K
  class space    used 2267K, capacity 2320K, committed 2432K, reserved 1048576K
Event: 10.717 GC heap after
Heap after GC invocations=2 (full 0):
 PSYoungGen      total 57344K, used 4907K [0x0000000780700000, 0x0000000784700000, 0x00000007c0000000)
  eden space 49152K, 0% used [0x0000000780700000,0x0000000780700000,0x0000000783700000)
  from space 8192K, 59% used [0x0000000783f00000,0x00000007843cada0,0x0000000784700000)
  to   space 8192K, 0% used [0x0000000783700000,0x0000000783700000,0x0000000783f00000)
 ParOldGen       total 131072K, used 32K [0x0000000701400000, 0x0000000709400000, 0x0000000780700000)
  object space 131072K, 0% used [0x0000000701400000,0x0000000701408000,0x0000000709400000)
 Metaspace       used 19909K, capacity 20076K, committed 20352K, reserved 1067008K
  class space    used 2267K, capacity 2320K, committed 2432K, reserved 1048576K
}

